<?xml version="1.0" encoding="UTF-8"?>
<!-- Generated by org.testng.reporters.JUnitReportReporter -->
<testsuite hostname="DESKTOP-RNK9LOI" failures="0" tests="4" name="learning.rest_assured.requests" time="6.536" errors="0" timestamp="2025-06-02T14:48:14 IST" skipped="0">
  <testcase classname="learning.rest_assured.requests" name="delete_user" time="0.478"/>
  <testcase classname="learning.rest_assured.requests" name="createuser" time="5.182"/>
  <testcase classname="learning.rest_assured.requests" name="udpate_user" time="0.477"/>
  <testcase classname="learning.rest_assured.requests" name="getuser" time="0.399"/>
</testsuite> <!-- learning.rest_assured.requests -->
