<?xml version="1.0" encoding="UTF-8"?>
<!-- Generated by org.testng.reporters.JUnitReportReporter -->
<testsuite hostname="DESKTOP-RNK9LOI" failures="0" tests="2" name="learning.rest_assured.http_requests" time="5.643" errors="0" timestamp="2025-06-02T14:37:21 IST" skipped="0">
  <testcase classname="learning.rest_assured.http_requests" name="createuser" time="4.431"/>
  <testcase classname="learning.rest_assured.http_requests" name="getuser" time="1.212"/>
</testsuite> <!-- learning.rest_assured.http_requests -->
